2013-12-05 14:32:41,379 [483] ERROR org.iringtools.web.controllers.DirectoryController - System.Exception: Error while executing HTTP GET request [http://localhost:54321/adata/ttt/Jak/dictionary?format=xml]. ---> System.Net.WebException: The remote server returned an error: (500) Internal Server Error.
   at System.Net.HttpWebRequest.GetResponse()
   at org.iringtools.utility.WebHttpClient.Get[T](String relativeUri, Boolean useDataContractSerializer) in C:\Adapter-2.5-Merged\Libraries\UtilityLibrary\WebClient.cs:line 372
   --- End of inner exception stack trace ---
   at iRINGTools.Web.Models.AdapterRepository.GetDictionary(String scopeName, String applicationName) in C:\Adapter-2.5-Merged\iRINGTools.Applications\Models\AdapterRepository.cs:line 299
   at org.iringtools.web.controllers.DirectoryController.GetNode(FormCollection form) in C:\Adapter-2.5-Merged\iRINGTools.Applications\Controllers\DirectoryController.cs:line 305
2013-12-05 15:24:47,411 [467] ERROR org.iringtools.web.controllers.DirectoryController - System.Exception: Error while executing HTTP GET request [http://localhost:54321/adata/fgg/sqw/dictionary?format=xml]. ---> System.Net.WebException: The remote server returned an error: (500) Internal Server Error.
   at System.Net.HttpWebRequest.GetResponse()
   at org.iringtools.utility.WebHttpClient.Get[T](String relativeUri, Boolean useDataContractSerializer) in C:\Adapter-2.5-Merged\Libraries\UtilityLibrary\WebClient.cs:line 372
   --- End of inner exception stack trace ---
   at iRINGTools.Web.Models.AdapterRepository.GetDictionary(String scopeName, String applicationName) in C:\Adapter-2.5-Merged\iRINGTools.Applications\Models\AdapterRepository.cs:line 299
   at org.iringtools.web.controllers.DirectoryController.GetNode(FormCollection form) in C:\Adapter-2.5-Merged\iRINGTools.Applications\Controllers\DirectoryController.cs:line 305
2013-12-05 15:24:54,709 [467] ERROR org.iringtools.web.controllers.DirectoryController - System.Exception: Error while executing HTTP GET request [http://localhost:54321/adata/fgg/sqw/dictionary?format=xml]. ---> System.Net.WebException: The remote server returned an error: (500) Internal Server Error.
   at System.Net.HttpWebRequest.GetResponse()
   at org.iringtools.utility.WebHttpClient.Get[T](String relativeUri, Boolean useDataContractSerializer) in C:\Adapter-2.5-Merged\Libraries\UtilityLibrary\WebClient.cs:line 372
   --- End of inner exception stack trace ---
   at iRINGTools.Web.Models.AdapterRepository.GetDictionary(String scopeName, String applicationName) in C:\Adapter-2.5-Merged\iRINGTools.Applications\Models\AdapterRepository.cs:line 299
   at org.iringtools.web.controllers.DirectoryController.GetNode(FormCollection form) in C:\Adapter-2.5-Merged\iRINGTools.Applications\Controllers\DirectoryController.cs:line 305
2013-12-05 15:27:02,325 [460] ERROR org.iringtools.web.controllers.DirectoryController - System.Exception: Error while executing HTTP GET request [http://localhost:54321/adata/fgg/sqw/dictionary?format=xml]. ---> System.Net.WebException: The remote server returned an error: (500) Internal Server Error.
   at System.Net.HttpWebRequest.GetResponse()
   at org.iringtools.utility.WebHttpClient.Get[T](String relativeUri, Boolean useDataContractSerializer) in C:\Adapter-2.5-Merged\Libraries\UtilityLibrary\WebClient.cs:line 372
   --- End of inner exception stack trace ---
   at iRINGTools.Web.Models.AdapterRepository.GetDictionary(String scopeName, String applicationName) in C:\Adapter-2.5-Merged\iRINGTools.Applications\Models\AdapterRepository.cs:line 299
   at org.iringtools.web.controllers.DirectoryController.GetNode(FormCollection form) in C:\Adapter-2.5-Merged\iRINGTools.Applications\Controllers\DirectoryController.cs:line 305
2013-12-05 15:27:44,170 [457] ERROR org.iringtools.web.controllers.DirectoryController - System.Exception: Error while executing HTTP GET request [http://localhost:54321/adapter/sqw/sssdc /config]. ---> System.Net.WebException: The remote server returned an error: (404) Not Found.
   at System.Net.HttpWebRequest.GetResponse()
   at org.iringtools.utility.WebHttpClient.Get[T](String relativeUri, Boolean useDataContractSerializer) in C:\Adapter-2.5-Merged\Libraries\UtilityLibrary\WebClient.cs:line 372
   --- End of inner exception stack trace ---
   at iRINGTools.Web.Models.AdapterRepository.GetConfig(String scope, String application) in C:\Adapter-2.5-Merged\iRINGTools.Applications\Models\AdapterRepository.cs:line 375
   at org.iringtools.web.controllers.DirectoryController.GetNode(FormCollection form) in C:\Adapter-2.5-Merged\iRINGTools.Applications\Controllers\DirectoryController.cs:line 95
2013-12-05 18:30:48,913 [423] ERROR org.iringtools.web.controllers.DirectoryController - System.NullReferenceException: Object reference not set to an instance of an object.
   at org.iringtools.web.controllers.DirectoryController.GetNode(FormCollection form) in C:\Adapter-2.5-Merged\iRINGTools.Applications\Controllers\DirectoryController.cs:line 358
