2011-10-18 06:31:52,781 [3] ERROR org.iringtools.adapter.AdapterProvider - Error initializing identity: Ninject.ActivationException: Error activating IIdentityLayer
No matching bindings are available, and the type is not self-bindable.
Activation path:
  1) Request for IIdentityLayer

Suggestions:
  1) Ensure that you have defined a binding for IIdentityLayer.
  2) If the binding was defined in a module, ensure that the module has been loaded into the kernel.
  3) Ensure you have not accidentally created more than one kernel.
  4) If you are using constructor arguments, ensure that the parameter name matches the constructors parameter name.
  5) If you are using automatic module loading, ensure the search path and filters are correct.

   at Ninject.KernelBase.Resolve(IRequest request)
   at Ninject.ResolutionExtensions.Get[T](IResolutionRoot root, String name, IParameter[] parameters)
   at org.iringtools.adapter.AdapterProvider.InitializeIdentity()
2011-10-18 06:53:30,015 [3] ERROR org.iringtools.adapter.AdapterProvider - Error initializing identity: Ninject.ActivationException: Error activating IIdentityLayer
No matching bindings are available, and the type is not self-bindable.
Activation path:
  1) Request for IIdentityLayer

Suggestions:
  1) Ensure that you have defined a binding for IIdentityLayer.
  2) If the binding was defined in a module, ensure that the module has been loaded into the kernel.
  3) Ensure you have not accidentally created more than one kernel.
  4) If you are using constructor arguments, ensure that the parameter name matches the constructors parameter name.
  5) If you are using automatic module loading, ensure the search path and filters are correct.

   at Ninject.KernelBase.Resolve(IRequest request)
   at Ninject.ResolutionExtensions.Get[T](IResolutionRoot root, String name, IParameter[] parameters)
   at org.iringtools.adapter.AdapterProvider.InitializeIdentity()
2011-10-18 06:53:32,203 [3] ERROR org.iringtools.adapter.AdapterProvider - Error initializing identity: Ninject.ActivationException: Error activating IIdentityLayer
No matching bindings are available, and the type is not self-bindable.
Activation path:
  1) Request for IIdentityLayer

Suggestions:
  1) Ensure that you have defined a binding for IIdentityLayer.
  2) If the binding was defined in a module, ensure that the module has been loaded into the kernel.
  3) Ensure you have not accidentally created more than one kernel.
  4) If you are using constructor arguments, ensure that the parameter name matches the constructors parameter name.
  5) If you are using automatic module loading, ensure the search path and filters are correct.

   at Ninject.KernelBase.Resolve(IRequest request)
   at Ninject.ResolutionExtensions.Get[T](IResolutionRoot root, String name, IParameter[] parameters)
   at org.iringtools.adapter.AdapterProvider.InitializeIdentity()
2011-10-18 06:55:10,640 [3] ERROR org.iringtools.adapter.AdapterProvider - Error initializing identity: Ninject.ActivationException: Error activating IIdentityLayer
No matching bindings are available, and the type is not self-bindable.
Activation path:
  1) Request for IIdentityLayer

Suggestions:
  1) Ensure that you have defined a binding for IIdentityLayer.
  2) If the binding was defined in a module, ensure that the module has been loaded into the kernel.
  3) Ensure you have not accidentally created more than one kernel.
  4) If you are using constructor arguments, ensure that the parameter name matches the constructors parameter name.
  5) If you are using automatic module loading, ensure the search path and filters are correct.

   at Ninject.KernelBase.Resolve(IRequest request)
   at Ninject.ResolutionExtensions.Get[T](IResolutionRoot root, String name, IParameter[] parameters)
   at org.iringtools.adapter.AdapterProvider.InitializeIdentity()
