2011-03-14 02:42:11,819 [13] ERROR org.iringtools.referenceData.ReferenceDataProvider - Failed to read repository['http://www.iringsandbox.org/SandboxService/sparql']
System.Exception: Error while executing HTTP GET request onhttp://www.iringsandbox.org/SandboxService/sparql?query=PREFIX+owl%3a+%3chttp%3a%2f%2fwww.w3.org%2f2002%2f07%2fowl%23%3e+%0d%0aPREFIX+part2%3a+%3chttp%3a%2f%2fdm.rdlfacade.org%2fdata%23%3e+%0d%0aPREFIX+rdf%3a+%3chttp%3a%2f%2fwww.w3.org%2f1999%2f02%2f22-rdf-syntax-ns%23%3e+%0d%0aPREFIX+rdfs%3a+%3chttp%3a%2f%2fwww.w3.org%2f2000%2f01%2frdf-schema%23%3e+%0d%0aPREFIX+xsd%3a+%3chttp%3a%2f%2fwww.w3.org%2f2001%2fXMLSchema%23%3e+%0d%0aPREFIX+dc%3a+%3chttp%3a%2f%2fpurl.org%2fdc%2felements%2f1.1%2f%3e+%0d%0aPREFIX+rdl%3a+%3chttp%3a%2f%2frdl.rdlfacade.org%2fdata%23%3e+%0d%0aPREFIX+tpl%3a+%3chttp%3a%2f%2ftpl.rdlfacade.org%2fdata%23%3e+%0d%0aPREFIX+base%3a+%3chttp%3a%2f%2frdl.rdlfacade.org%2fdata%3e+%0d%0aPREFIX+rds%3a+%3chttp%3a%2f%2frds.posccaesar.org%2f2008%2f06%2fOWL%2fRDL%23%3e+%0d%0aSELECT+%3furi+%3flabel%0d%0aWHERE+%7b+%0d%0a++%3furi+rdfs%3alabel+%3flabel+.%0d%0a++FILTER+(isLiteral(%3flabel)+%26%26+regex(str(%3flabel)%2c%27pump%27%2c%27i%27))%0d%0a%7d%0d%0aORDER+BY+%3flabel. ---> System.Net.WebException: The remote server returned an error: (404) Not Found.
   at System.Net.HttpWebRequest.GetResponse()
   at org.iringtools.utility.WebHttpClient.Get[T](String relativeUri, Boolean useDataContractSerializer)
   --- End of inner exception stack trace ---
   at org.iringtools.library.SPARQLClient.Query(String baseUri, String sparql, WebCredentials targetCredentials, WebProxyCredentials proxyCredentials)
   at org.iringtools.referenceData.ReferenceDataProvider.QueryFromRepository(Repository repository, String sparql)
2011-03-14 02:42:11,944 [13] ERROR org.iringtools.referenceData.ReferenceDataProvider - Failed to read repository['http://localhost/Services/SandboxService/query']
System.Exception: Error while executing HTTP GET request onhttp://localhost/Services/SandboxService/query?query=PREFIX+owl%3a+%3chttp%3a%2f%2fwww.w3.org%2f2002%2f07%2fowl%23%3e+%0d%0aPREFIX+part2%3a+%3chttp%3a%2f%2fdm.rdlfacade.org%2fdata%23%3e+%0d%0aPREFIX+rdf%3a+%3chttp%3a%2f%2fwww.w3.org%2f1999%2f02%2f22-rdf-syntax-ns%23%3e+%0d%0aPREFIX+rdfs%3a+%3chttp%3a%2f%2fwww.w3.org%2f2000%2f01%2frdf-schema%23%3e+%0d%0aPREFIX+xsd%3a+%3chttp%3a%2f%2fwww.w3.org%2f2001%2fXMLSchema%23%3e+%0d%0aPREFIX+dc%3a+%3chttp%3a%2f%2fpurl.org%2fdc%2felements%2f1.1%2f%3e+%0d%0aPREFIX+rdl%3a+%3chttp%3a%2f%2frdl.rdlfacade.org%2fdata%23%3e+%0d%0aPREFIX+tpl%3a+%3chttp%3a%2f%2ftpl.rdlfacade.org%2fdata%23%3e+%0d%0aPREFIX+base%3a+%3chttp%3a%2f%2frdl.rdlfacade.org%2fdata%3e+%0d%0aPREFIX+rds%3a+%3chttp%3a%2f%2frds.posccaesar.org%2f2008%2f06%2fOWL%2fRDL%23%3e+%0d%0aSELECT+%3furi+%3flabel%0d%0aWHERE+%7b+%0d%0a++%3furi+rdfs%3alabel+%3flabel+.%0d%0a++FILTER+(isLiteral(%3flabel)+%26%26+regex(str(%3flabel)%2c%27pump%27%2c%27i%27))%0d%0a%7d%0d%0aORDER+BY+%3flabel. ---> System.Net.WebException: The remote server returned an error: (400) Bad Request.
   at System.Net.HttpWebRequest.GetResponse()
   at org.iringtools.utility.WebHttpClient.Get[T](String relativeUri, Boolean useDataContractSerializer)
   --- End of inner exception stack trace ---
   at org.iringtools.library.SPARQLClient.Query(String baseUri, String sparql, WebCredentials targetCredentials, WebProxyCredentials proxyCredentials)
   at org.iringtools.referenceData.ReferenceDataProvider.QueryFromRepository(Repository repository, String sparql)
2011-03-14 02:42:27,787 [13] INFO  org.iringtools.referenceData.ReferenceDataProvider - SearchPage is returning 577 records
2011-03-14 02:53:30,740 [21] ERROR org.iringtools.referenceData.ReferenceDataProvider - Failed to read repository['http://www.iringsandbox.org/SandboxService/sparql']
System.Exception: Error while executing HTTP GET request onhttp://www.iringsandbox.org/SandboxService/sparql?query=PREFIX+owl%3a+%3chttp%3a%2f%2fwww.w3.org%2f2002%2f07%2fowl%23%3e+%0d%0aPREFIX+part2%3a+%3chttp%3a%2f%2fdm.rdlfacade.org%2fdata%23%3e+%0d%0aPREFIX+rdf%3a+%3chttp%3a%2f%2fwww.w3.org%2f1999%2f02%2f22-rdf-syntax-ns%23%3e+%0d%0aPREFIX+rdfs%3a+%3chttp%3a%2f%2fwww.w3.org%2f2000%2f01%2frdf-schema%23%3e+%0d%0aPREFIX+xsd%3a+%3chttp%3a%2f%2fwww.w3.org%2f2001%2fXMLSchema%23%3e+%0d%0aPREFIX+dc%3a+%3chttp%3a%2f%2fpurl.org%2fdc%2felements%2f1.1%2f%3e+%0d%0aPREFIX+rdl%3a+%3chttp%3a%2f%2frdl.rdlfacade.org%2fdata%23%3e+%0d%0aPREFIX+tpl%3a+%3chttp%3a%2f%2ftpl.rdlfacade.org%2fdata%23%3e+%0d%0aPREFIX+base%3a+%3chttp%3a%2f%2frdl.rdlfacade.org%2fdata%3e+%0d%0aPREFIX+rds%3a+%3chttp%3a%2f%2frds.posccaesar.org%2f2008%2f06%2fOWL%2fRDL%23%3e+%0d%0aSELECT+%3furi+%3flabel%0d%0aWHERE+%7b+%0d%0a++%3furi+rdfs%3alabel+%3flabel+.%0d%0a++FILTER+(isLiteral(%3flabel)+%26%26+regex(str(%3flabel)%2c%27pump%27%2c%27i%27))%0d%0a%7d%0d%0aORDER+BY+%3flabel. ---> System.Net.WebException: The remote server returned an error: (404) Not Found.
   at System.Net.HttpWebRequest.GetResponse()
   at org.iringtools.utility.WebHttpClient.Get[T](String relativeUri, Boolean useDataContractSerializer)
   --- End of inner exception stack trace ---
   at org.iringtools.library.SPARQLClient.Query(String baseUri, String sparql, WebCredentials targetCredentials, WebProxyCredentials proxyCredentials)
   at org.iringtools.referenceData.ReferenceDataProvider.QueryFromRepository(Repository repository, String sparql)
2011-03-14 02:53:30,928 [21] ERROR org.iringtools.referenceData.ReferenceDataProvider - Failed to read repository['http://localhost/Services/SandboxService/query']
System.Exception: Error while executing HTTP GET request onhttp://localhost/Services/SandboxService/query?query=PREFIX+owl%3a+%3chttp%3a%2f%2fwww.w3.org%2f2002%2f07%2fowl%23%3e+%0d%0aPREFIX+part2%3a+%3chttp%3a%2f%2fdm.rdlfacade.org%2fdata%23%3e+%0d%0aPREFIX+rdf%3a+%3chttp%3a%2f%2fwww.w3.org%2f1999%2f02%2f22-rdf-syntax-ns%23%3e+%0d%0aPREFIX+rdfs%3a+%3chttp%3a%2f%2fwww.w3.org%2f2000%2f01%2frdf-schema%23%3e+%0d%0aPREFIX+xsd%3a+%3chttp%3a%2f%2fwww.w3.org%2f2001%2fXMLSchema%23%3e+%0d%0aPREFIX+dc%3a+%3chttp%3a%2f%2fpurl.org%2fdc%2felements%2f1.1%2f%3e+%0d%0aPREFIX+rdl%3a+%3chttp%3a%2f%2frdl.rdlfacade.org%2fdata%23%3e+%0d%0aPREFIX+tpl%3a+%3chttp%3a%2f%2ftpl.rdlfacade.org%2fdata%23%3e+%0d%0aPREFIX+base%3a+%3chttp%3a%2f%2frdl.rdlfacade.org%2fdata%3e+%0d%0aPREFIX+rds%3a+%3chttp%3a%2f%2frds.posccaesar.org%2f2008%2f06%2fOWL%2fRDL%23%3e+%0d%0aSELECT+%3furi+%3flabel%0d%0aWHERE+%7b+%0d%0a++%3furi+rdfs%3alabel+%3flabel+.%0d%0a++FILTER+(isLiteral(%3flabel)+%26%26+regex(str(%3flabel)%2c%27pump%27%2c%27i%27))%0d%0a%7d%0d%0aORDER+BY+%3flabel. ---> System.Net.WebException: The remote server returned an error: (400) Bad Request.
   at System.Net.HttpWebRequest.GetResponse()
   at org.iringtools.utility.WebHttpClient.Get[T](String relativeUri, Boolean useDataContractSerializer)
   --- End of inner exception stack trace ---
   at org.iringtools.library.SPARQLClient.Query(String baseUri, String sparql, WebCredentials targetCredentials, WebProxyCredentials proxyCredentials)
   at org.iringtools.referenceData.ReferenceDataProvider.QueryFromRepository(Repository repository, String sparql)
2011-03-14 02:53:46,537 [21] INFO  org.iringtools.referenceData.ReferenceDataProvider - SearchPage is returning 577 records
2011-03-14 05:01:06,419 [14] ERROR org.iringtools.referenceData.ReferenceDataProvider - Failed to read repository['http://www.iringsandbox.org/SandboxService/sparql']
System.Exception: Error while executing HTTP GET request onhttp://www.iringsandbox.org/SandboxService/sparql?query=PREFIX+owl%3a+%3chttp%3a%2f%2fwww.w3.org%2f2002%2f07%2fowl%23%3e+%0d%0aPREFIX+part2%3a+%3chttp%3a%2f%2fdm.rdlfacade.org%2fdata%23%3e+%0d%0aPREFIX+rdf%3a+%3chttp%3a%2f%2fwww.w3.org%2f1999%2f02%2f22-rdf-syntax-ns%23%3e+%0d%0aPREFIX+rdfs%3a+%3chttp%3a%2f%2fwww.w3.org%2f2000%2f01%2frdf-schema%23%3e+%0d%0aPREFIX+xsd%3a+%3chttp%3a%2f%2fwww.w3.org%2f2001%2fXMLSchema%23%3e+%0d%0aPREFIX+dc%3a+%3chttp%3a%2f%2fpurl.org%2fdc%2felements%2f1.1%2f%3e+%0d%0aPREFIX+rdl%3a+%3chttp%3a%2f%2frdl.rdlfacade.org%2fdata%23%3e+%0d%0aPREFIX+tpl%3a+%3chttp%3a%2f%2ftpl.rdlfacade.org%2fdata%23%3e+%0d%0aPREFIX+base%3a+%3chttp%3a%2f%2frdl.rdlfacade.org%2fdata%3e+%0d%0aPREFIX+rds%3a+%3chttp%3a%2f%2frds.posccaesar.org%2f2008%2f06%2fOWL%2fRDL%23%3e+%0d%0aSELECT+%3furi+%3flabel%0d%0aWHERE+%7b+%0d%0a++%3furi+rdfs%3alabel+%3flabel+.%0d%0a++FILTER+(isLiteral(%3flabel)+%26%26+regex(str(%3flabel)%2c%27%5eST+0096+DOCUMENT+CELL%24%27%2c%27i%27))%0d%0a%7d%0d%0aORDER+BY+%3flabel. ---> System.Net.WebException: The remote server returned an error: (404) Not Found.
   at System.Net.HttpWebRequest.GetResponse()
   at org.iringtools.utility.WebHttpClient.Get[T](String relativeUri, Boolean useDataContractSerializer)
   --- End of inner exception stack trace ---
   at org.iringtools.library.SPARQLClient.Query(String baseUri, String sparql, WebCredentials targetCredentials, WebProxyCredentials proxyCredentials)
   at org.iringtools.referenceData.ReferenceDataProvider.QueryFromRepository(Repository repository, String sparql)
2011-03-14 05:01:06,700 [14] ERROR org.iringtools.referenceData.ReferenceDataProvider - Failed to read repository['http://localhost/Services/SandboxService/query']
System.Exception: Error while executing HTTP GET request onhttp://localhost/Services/SandboxService/query?query=PREFIX+owl%3a+%3chttp%3a%2f%2fwww.w3.org%2f2002%2f07%2fowl%23%3e+%0d%0aPREFIX+part2%3a+%3chttp%3a%2f%2fdm.rdlfacade.org%2fdata%23%3e+%0d%0aPREFIX+rdf%3a+%3chttp%3a%2f%2fwww.w3.org%2f1999%2f02%2f22-rdf-syntax-ns%23%3e+%0d%0aPREFIX+rdfs%3a+%3chttp%3a%2f%2fwww.w3.org%2f2000%2f01%2frdf-schema%23%3e+%0d%0aPREFIX+xsd%3a+%3chttp%3a%2f%2fwww.w3.org%2f2001%2fXMLSchema%23%3e+%0d%0aPREFIX+dc%3a+%3chttp%3a%2f%2fpurl.org%2fdc%2felements%2f1.1%2f%3e+%0d%0aPREFIX+rdl%3a+%3chttp%3a%2f%2frdl.rdlfacade.org%2fdata%23%3e+%0d%0aPREFIX+tpl%3a+%3chttp%3a%2f%2ftpl.rdlfacade.org%2fdata%23%3e+%0d%0aPREFIX+base%3a+%3chttp%3a%2f%2frdl.rdlfacade.org%2fdata%3e+%0d%0aPREFIX+rds%3a+%3chttp%3a%2f%2frds.posccaesar.org%2f2008%2f06%2fOWL%2fRDL%23%3e+%0d%0aSELECT+%3furi+%3flabel%0d%0aWHERE+%7b+%0d%0a++%3furi+rdfs%3alabel+%3flabel+.%0d%0a++FILTER+(isLiteral(%3flabel)+%26%26+regex(str(%3flabel)%2c%27%5eST+0096+DOCUMENT+CELL%24%27%2c%27i%27))%0d%0a%7d%0d%0aORDER+BY+%3flabel. ---> System.Net.WebException: The remote server returned an error: (400) Bad Request.
   at System.Net.HttpWebRequest.GetResponse()
   at org.iringtools.utility.WebHttpClient.Get[T](String relativeUri, Boolean useDataContractSerializer)
   --- End of inner exception stack trace ---
   at org.iringtools.library.SPARQLClient.Query(String baseUri, String sparql, WebCredentials targetCredentials, WebProxyCredentials proxyCredentials)
   at org.iringtools.referenceData.ReferenceDataProvider.QueryFromRepository(Repository repository, String sparql)
2011-03-14 05:01:35,278 [14] INFO  org.iringtools.referenceData.ReferenceDataProvider - SearchPage is returning 1 records
